#
# A fatal error has been detected by the Java Runtime Environment:
#
#  EXCEPTION_STACK_OVERFLOW (0xc00000fd) at pc=0x0000000056bb5077, pid=16672, tid=0x0000000000004280
#
# JRE version: Java(TM) SE Runtime Environment (8.0_241-b07) (build 1.8.0_241-b07)
# Java VM: Java HotSpot(TM) 64-Bit Server VM (25.241-b07 mixed mode windows-amd64 compressed oops)
# Problematic frame:
# V  [jvm.dll+0x215077]
#
# Failed to write core dump. Minidumps are not enabled by default on client versions of Windows
#
# If you would like to submit a bug report, please visit:
#   http://bugreport.java.com/bugreport/crash.jsp
#

---------------  T H R E A D  ---------------

Current thread (0x000000001e0b6800):  JavaThread "Thread-4" [_thread_in_vm, id=17024, stack(0x0000000027770000,0x0000000027870000)]

siginfo: ExceptionCode=0xc00000fd, ExceptionInformation=0x0000000000000001 0x000000002786d990 

Registers:
RAX=0x000000002786d990, RBX=0x0000000000000003, RCX=0x0000000000002000, RDX=0x0000000000000006
RSP=0x000000002786f990, RBP=0x0000000000000000, RSI=0x000000002786f990, RDI=0x0000000000000003
R8 =0x0000000000000006, R9 =0x000000001f144fd0, R10=0x00000000200bf068, R11=0x000000002777a160
R12=0x000000001f144fd0, R13=0x000000001e0b6800, R14=0x000000002786fa58, R15=0x00000000200bf068
RIP=0x0000000056bb5077, EFLAGS=0x0000000000010206

Top of Stack: (sp=0x000000002786f990)
0x000000002786f990:   000000001d1e04e0 00000007c0006c48
0x000000002786f9a0:   000000001e0b6800 000000001f144fd0
0x000000002786f9b0:   00000000ffffffff 0000000056bb5fa7
0x000000002786f9c0:   000000002786fac0 00000000200bf068
0x000000002786f9d0:   000000001e0b6800 0000000056a610e3
0x000000002786f9e0:   000000002786fa20 000000001e0b6800
0x000000002786f9f0:   000000002786fab0 000000001e0b6800
0x000000002786fa00:   00000000200bf068 000000001e0b6800
0x000000002786fa10:   00000000028f3be0 000000001e0b6800
0x000000002786fa20:   00000000200bf068 000000001e0b6800
0x000000002786fa30:   000000001b1de2f0 000000001e0b6800
0x000000002786fa40:   0000000000000001 00000000200bf068
0x000000002786fa50:   000000001e0b6800 00000000243bf660
0x000000002786fa60:   000000001e0b6800 0000000056a6284d
0x000000002786fa70:   000000002786fd78 00000007c0006c48
0x000000002786fa80:   00000007c0214280 0000000000000000 

Instructions: (pc=0x0000000056bb5077)
0x0000000056bb5057:   48 89 6c 24 30 33 ed 66 90 e8 3b 5c 08 00 ff c3
0x0000000056bb5067:   48 63 c8 48 8b c6 48 0f af cf 48 ff c7 48 2b c1
0x0000000056bb5077:   89 28 48 63 c3 48 3b 05 25 08 5a 00 7e db 48 8b
0x0000000056bb5087:   6c 24 30 48 8b 5c 24 38 48 8b 74 24 40 48 83 c4 


Register to memory mapping:

RAX=0x000000002786d990 is pointing into the stack for thread: 0x000000001e0b6800
RBX=0x0000000000000003 is an unknown value
RCX=0x0000000000002000 is an unknown value
RDX=0x0000000000000006 is an unknown value
RSP=0x000000002786f990 is pointing into the stack for thread: 0x000000001e0b6800
RBP=0x0000000000000000 is an unknown value
RSI=0x000000002786f990 is pointing into the stack for thread: 0x000000001e0b6800
RDI=0x0000000000000003 is an unknown value
R8 =0x0000000000000006 is an unknown value
R9 =0x000000001f144fd0 is an unknown value
R10={method} {0x00000000200bf070} 'run' '()V' in 'org/springframework/context/support/AbstractApplicationContext$1'
R11=0x000000002777a160 is pointing into the stack for thread: 0x000000001e0b6800
R12=0x000000001f144fd0 is an unknown value
R13=0x000000001e0b6800 is a thread
R14=0x000000002786fa58 is pointing into the stack for thread: 0x000000001e0b6800
R15={method} {0x00000000200bf070} 'run' '()V' in 'org/springframework/context/support/AbstractApplicationContext$1'


Stack: [0x0000000027770000,0x0000000027870000],  sp=0x000000002786f990,  free space=1022k
